This is pdfTeX, Version 3.14159265-2.6-1.40.21 (MiKTeX 2.9.7400 64-bit) (preloaded format=latex 2020.5.18)  18 MAY 2020 11:46
entering extended mode
**./CODIT_MOREAU_final_version.tex
(CODIT_MOREAU_final_version.tex
LaTeX2e <2020-02-02> patch level 5
L3 programming layer <2020-04-06>
("C:\Users\pierr\AppData\Local\Programs\MiKTeX 2.9\tex/latex/IEEEconf\ieeeconf.
cls"

LaTeX Warning: You have requested document class `ieeeconf',
               but the document class provides `IEEEconf'.

Document Class: IEEEconf 2009/04/05 v1.4 IEEE Computer Society 8.5x11" conferen
ce proceedings
("C:\Users\pierr\AppData\Local\Programs\MiKTeX 2.9\tex/latex/base\article.cls"
Document Class: article 2019/12/20 v1.4l Standard LaTeX document class
("C:\Users\pierr\AppData\Local\Programs\MiKTeX 2.9\tex/latex/base\size10.clo"
File: size10.clo 2019/12/20 v1.4l Standard LaTeX file (size option)
)
\c@part=\count167
\c@section=\count168
\c@subsection=\count169
\c@subsubsection=\count170
\c@paragraph=\count171
\c@subparagraph=\count172
\c@figure=\count173
\c@table=\count174
\abovecaptionskip=\skip47
\belowcaptionskip=\skip48
\bibindent=\dimen134
)
("C:\Users\pierr\AppData\Local\Programs\MiKTeX 2.9\tex/latex/geometry\geometry.
sty"
Package: geometry 2020/01/02 v5.9 Page Geometry

("C:\Users\pierr\AppData\Local\Programs\MiKTeX 2.9\tex/latex/graphics\keyval.st
y"
Package: keyval 2014/10/28 v1.15 key=value parser (DPC)
\KV@toks@=\toks15
)
("C:\Users\pierr\AppData\Local\Programs\MiKTeX 2.9\tex/generic/iftex\ifvtex.sty
"
Package: ifvtex 2019/10/25 v1.7 ifvtex legacy package. Use iftex instead.
 ("C:\Users\pierr\AppData\Local\Programs\MiKTeX 2.9\tex/generic/iftex\iftex.sty
"
Package: iftex 2020/03/06 v1.0d TeX engine tests
))
\Gm@cnth=\count175
\Gm@cntv=\count176
\c@Gm@tempcnt=\count177
\Gm@bindingoffset=\dimen135
\Gm@wd@mp=\dimen136
\Gm@odd@mp=\dimen137
\Gm@even@mp=\dimen138
\Gm@layoutwidth=\dimen139
\Gm@layoutheight=\dimen140
\Gm@layouthoffset=\dimen141
\Gm@layoutvoffset=\dimen142
\Gm@dimlist=\toks16

("C:\Users\pierr\AppData\Local\Programs\MiKTeX 2.9\tex/latex/geometry\geometry.
cfg"))
("C:\Users\pierr\AppData\Local\Programs\MiKTeX 2.9\tex/latex/psnfss\mathptmx.st
y"
Package: mathptmx 2020/03/25 PSNFSS-v9.3 Times w/ Math, improved (SPQR, WaS) 
LaTeX Font Info:    Redeclaring symbol font `operators' on input line 28.
LaTeX Font Info:    Overwriting symbol font `operators' in version `normal'
(Font)                  OT1/cmr/m/n --> OT1/ztmcm/m/n on input line 28.
LaTeX Font Info:    Overwriting symbol font `operators' in version `bold'
(Font)                  OT1/cmr/bx/n --> OT1/ztmcm/m/n on input line 28.
LaTeX Font Info:    Redeclaring symbol font `letters' on input line 29.
LaTeX Font Info:    Overwriting symbol font `letters' in version `normal'
(Font)                  OML/cmm/m/it --> OML/ztmcm/m/it on input line 29.
LaTeX Font Info:    Overwriting symbol font `letters' in version `bold'
(Font)                  OML/cmm/b/it --> OML/ztmcm/m/it on input line 29.
LaTeX Font Info:    Redeclaring symbol font `symbols' on input line 30.
LaTeX Font Info:    Overwriting symbol font `symbols' in version `normal'
(Font)                  OMS/cmsy/m/n --> OMS/ztmcm/m/n on input line 30.
LaTeX Font Info:    Overwriting symbol font `symbols' in version `bold'
(Font)                  OMS/cmsy/b/n --> OMS/ztmcm/m/n on input line 30.
LaTeX Font Info:    Redeclaring symbol font `largesymbols' on input line 31.
LaTeX Font Info:    Overwriting symbol font `largesymbols' in version `normal'
(Font)                  OMX/cmex/m/n --> OMX/ztmcm/m/n on input line 31.
LaTeX Font Info:    Overwriting symbol font `largesymbols' in version `bold'
(Font)                  OMX/cmex/m/n --> OMX/ztmcm/m/n on input line 31.
\symbold=\mathgroup4
\symitalic=\mathgroup5
LaTeX Font Info:    Redeclaring math alphabet \mathbf on input line 34.
LaTeX Font Info:    Overwriting math alphabet `\mathbf' in version `normal'
(Font)                  OT1/cmr/bx/n --> OT1/ptm/bx/n on input line 34.
LaTeX Font Info:    Overwriting math alphabet `\mathbf' in version `bold'
(Font)                  OT1/cmr/bx/n --> OT1/ptm/bx/n on input line 34.
LaTeX Font Info:    Redeclaring math alphabet \mathit on input line 35.
LaTeX Font Info:    Overwriting math alphabet `\mathit' in version `normal'
(Font)                  OT1/cmr/m/it --> OT1/ptm/m/it on input line 35.
LaTeX Font Info:    Overwriting math alphabet `\mathit' in version `bold'
(Font)                  OT1/cmr/bx/it --> OT1/ptm/m/it on input line 35.
LaTeX Info: Redefining \hbar on input line 50.
)
("C:\Users\pierr\AppData\Local\Programs\MiKTeX 2.9\tex/latex/psnfss\helvet.sty"
Package: helvet 2020/03/25 PSNFSS-v9.3 (WaS) 
)
("C:\Users\pierr\AppData\Local\Programs\MiKTeX 2.9\tex/latex/psnfss\courier.sty
"
Package: courier 2020/03/25 PSNFSS-v9.3 (WaS) 
) ("C:\Users\pierr\AppData\Local\Programs\MiKTeX 2.9\tex/latex/tools\array.sty"
Package: array 2019/08/31 v2.4l Tabular extension package (FMi)
\col@sep=\dimen143
\ar@mcellbox=\box45
\extrarowheight=\dimen144
\NC@list=\toks17
\extratabsurround=\skip49
\backup@length=\skip50
\ar@cellbox=\box46
)
\ieee@author@width=\skip51

("C:\Users\pierr\AppData\Local\Programs\MiKTeX 2.9\tex/latex/titlesec\titlesec.
sty"
Package: titlesec 2019/10/16 v2.13 Sectioning titles
\ttl@box=\box47
\beforetitleunit=\skip52
\aftertitleunit=\skip53
\ttl@plus=\dimen145
\ttl@minus=\dimen146
\ttl@toksa=\toks18
\titlewidth=\dimen147
\titlewidthlast=\dimen148
\titlewidthfirst=\dimen149
))
! Undefined control sequence.
l.9 \IEEEoverridecommandlockouts
                                                              % This command...
The control sequence at the end of the top line
of your error message was never \def'ed. If you have
misspelled it (e.g., `\hobx'), type `I' and the correct
spelling (e.g., `I\hbox'). Otherwise just continue,
and I'll forget about whatever was undefined.

! Undefined control sequence.
l.12 \overrideIEEEmargins
                                                               % Needed to m...
The control sequence at the end of the top line
of your error message was never \def'ed. If you have
misspelled it (e.g., `\hobx'), type `I' and the correct
spelling (e.g., `I\hbox'). Otherwise just continue,
and I'll forget about whatever was undefined.


("C:\Users\pierr\AppData\Local\Programs\MiKTeX 2.9\tex/latex/graphics\graphics.
sty"
Package: graphics 2019/11/30 v1.4a Standard LaTeX Graphics (DPC,SPQR)

("C:\Users\pierr\AppData\Local\Programs\MiKTeX 2.9\tex/latex/graphics\trig.sty"
Package: trig 2016/01/03 v1.10 sin cos tan (DPC)
)
("C:\Users\pierr\AppData\Local\Programs\MiKTeX 2.9\tex/latex/graphics-cfg\graph
ics.cfg"
File: graphics.cfg 2016/06/04 v1.11 sample graphics configuration
)
Package graphics Info: Driver file: dvips.def on input line 105.

("C:\Users\pierr\AppData\Local\Programs\MiKTeX 2.9\tex/latex/graphics-def\dvips
.def"
File: dvips.def 2017/06/20 v3.1d Graphics/color driver for dvips
))
("C:\Users\pierr\AppData\Local\Programs\MiKTeX 2.9\tex/latex/graphics\epsfig.st
y"
Package: epsfig 2017/06/25 v1.7b (e)psfig emulation (SPQR)

("C:\Users\pierr\AppData\Local\Programs\MiKTeX 2.9\tex/latex/graphics\graphicx.
sty"
Package: graphicx 2019/11/30 v1.2a Enhanced LaTeX Graphics (DPC,SPQR)
\Gin@req@height=\dimen150
\Gin@req@width=\dimen151
)
\epsfxsize=\dimen152
\epsfysize=\dimen153
)
("C:\Users\pierr\AppData\Local\Programs\MiKTeX 2.9\tex/latex/psnfss\times.sty"
Package: times 2020/03/25 PSNFSS-v9.3 (SPQR) 
)
("C:\Users\pierr\AppData\Local\Programs\MiKTeX 2.9\tex/latex/amsmath\amsmath.st
y"
Package: amsmath 2020/01/20 v2.17e AMS math features
\@mathmargin=\skip54

For additional information on amsmath, use the `?' option.

("C:\Users\pierr\AppData\Local\Programs\MiKTeX 2.9\tex/latex/amsmath\amstext.st
y"
Package: amstext 2000/06/29 v2.01 AMS text

("C:\Users\pierr\AppData\Local\Programs\MiKTeX 2.9\tex/latex/amsmath\amsgen.sty
"
File: amsgen.sty 1999/11/30 v2.0 generic functions
\@emptytoks=\toks19
\ex@=\dimen154
))
("C:\Users\pierr\AppData\Local\Programs\MiKTeX 2.9\tex/latex/amsmath\amsbsy.sty
"
Package: amsbsy 1999/11/29 v1.2d Bold Symbols
\pmbraise@=\dimen155
)
("C:\Users\pierr\AppData\Local\Programs\MiKTeX 2.9\tex/latex/amsmath\amsopn.sty
"
Package: amsopn 2016/03/08 v2.02 operator names
)
\inf@bad=\count178
LaTeX Info: Redefining \frac on input line 227.
\uproot@=\count179
\leftroot@=\count180
LaTeX Info: Redefining \overline on input line 389.
\classnum@=\count181
\DOTSCASE@=\count182
LaTeX Info: Redefining \ldots on input line 486.
LaTeX Info: Redefining \dots on input line 489.
LaTeX Info: Redefining \cdots on input line 610.
\Mathstrutbox@=\box48
\strutbox@=\box49
\big@size=\dimen156
LaTeX Font Info:    Redeclaring font encoding OML on input line 733.
LaTeX Font Info:    Redeclaring font encoding OMS on input line 734.
\macc@depth=\count183
\c@MaxMatrixCols=\count184
\dotsspace@=\muskip16
\c@parentequation=\count185
\dspbrk@lvl=\count186
\tag@help=\toks20
\row@=\count187
\column@=\count188
\maxfields@=\count189
\andhelp@=\toks21
\eqnshift@=\dimen157
\alignsep@=\dimen158
\tagshift@=\dimen159
\tagwidth@=\dimen160
\totwidth@=\dimen161
\lineht@=\dimen162
\@envbody=\toks22
\multlinegap=\skip55
\multlinetaggap=\skip56
\mathdisplay@stack=\toks23
LaTeX Info: Redefining \[ on input line 2859.
LaTeX Info: Redefining \] on input line 2860.
)
("C:\Users\pierr\AppData\Local\Programs\MiKTeX 2.9\tex/latex/amsfonts\amssymb.s
ty"
Package: amssymb 2013/01/14 v3.01 AMS font symbols

("C:\Users\pierr\AppData\Local\Programs\MiKTeX 2.9\tex/latex/amsfonts\amsfonts.
sty"
Package: amsfonts 2013/01/14 v3.01 Basic AMSFonts support
\symAMSa=\mathgroup6
\symAMSb=\mathgroup7
LaTeX Font Info:    Overwriting math alphabet `\mathfrak' in version `bold'
(Font)                  U/euf/m/n --> U/euf/b/n on input line 106.
))
("C:\Users\pierr\AppData\Local\Programs\MiKTeX 2.9\tex/latex/base\fontenc.sty"
Package: fontenc 2020/02/11 v2.0o Standard LaTeX package
LaTeX Font Info:    Trying to load font information for T1+ptm on input line 11
2.

("C:\Users\pierr\AppData\Local\Programs\MiKTeX 2.9\tex/latex/psnfss\t1ptm.fd"
File: t1ptm.fd 2001/06/04 font definitions for T1/ptm.
)) ("C:\Users\pierr\AppData\Local\Programs\MiKTeX 2.9\tex/latex/float\float.sty
"
Package: float 2001/11/08 v1.3d Float enhancements (AL)
\c@float@type=\count190
\float@exts=\toks24
\float@box=\box50
\@float@everytoks=\toks25
\@floatcapt=\box51
)
("C:\Users\pierr\AppData\Local\Programs\MiKTeX 2.9\tex/latex/algorithms\algorit
hm.sty"
Package: algorithm 2009/08/24 v0.1 Document Style `algorithm' - floating enviro
nment

("C:\Users\pierr\AppData\Local\Programs\MiKTeX 2.9\tex/latex/base\ifthen.sty"
Package: ifthen 2014/09/29 v1.1c Standard LaTeX ifthen package (DPC)
)
\@float@every@algorithm=\toks26
\c@algorithm=\count191
)
("C:\Users\pierr\AppData\Local\Programs\MiKTeX 2.9\tex/latex/algorithms\algorit
hmic.sty"
Package: algorithmic 2009/08/24 v0.1 Document Style `algorithmic'
\c@ALC@unique=\count192
\c@ALC@line=\count193
\c@ALC@rem=\count194
\c@ALC@depth=\count195
\ALC@tlm=\skip57
\algorithmicindent=\skip58
)
("C:\Users\pierr\AppData\Local\Programs\MiKTeX 2.9\tex/latex/xcolor\xcolor.sty"
Package: xcolor 2016/05/11 v2.12 LaTeX color extensions (UK)

("C:\Users\pierr\AppData\Local\Programs\MiKTeX 2.9\tex/latex/graphics-cfg\color
.cfg"
File: color.cfg 2016/01/02 v1.6 sample color configuration
)
Package xcolor Info: Driver file: dvips.def on input line 225.
Package xcolor Info: Model `cmy' substituted by `cmy0' on input line 1348.
Package xcolor Info: Model `RGB' extended on input line 1364.
Package xcolor Info: Model `HTML' substituted by `rgb' on input line 1366.
Package xcolor Info: Model `Hsb' substituted by `hsb' on input line 1367.
Package xcolor Info: Model `tHsb' substituted by `hsb' on input line 1368.
Package xcolor Info: Model `HSB' substituted by `hsb' on input line 1369.
Package xcolor Info: Model `Gray' substituted by `gray' on input line 1370.
Package xcolor Info: Model `wave' substituted by `hsb' on input line 1371.
)
\c@example=\count196
\c@theorem=\count197
\c@remark=\count198
\c@thm=\count199
\c@definition=\count266

("C:\Users\pierr\AppData\Local\Programs\MiKTeX 2.9\tex/latex/l3backend\l3backen
d-dvips.def"
File: l3backend-dvips.def 2020-03-12 L3 backend support: dvips
\l__pdf_internal_box=\box52
\g__pdf_backend_object_int=\count267
\l__pdf_backend_content_box=\box53
\l__pdf_backend_model_box=\box54
\g__pdf_backend_annotation_int=\count268
\g__pdf_backend_link_int=\count269
\g__pdf_backend_link_sf_int=\count270
)

LaTeX Warning: Unused global option(s):
    [conference].

(CODIT_MOREAU_final_version.aux

LaTeX Warning: Label `fig:silhou' multiply defined.

)
\openout1 = `CODIT_MOREAU_final_version.aux'.

LaTeX Font Info:    Checking defaults for OML/cmm/m/it on input line 175.
LaTeX Font Info:    ... okay on input line 175.
LaTeX Font Info:    Checking defaults for OMS/cmsy/m/n on input line 175.
LaTeX Font Info:    ... okay on input line 175.
LaTeX Font Info:    Checking defaults for OT1/cmr/m/n on input line 175.
LaTeX Font Info:    ... okay on input line 175.
LaTeX Font Info:    Checking defaults for T1/cmr/m/n on input line 175.
LaTeX Font Info:    ... okay on input line 175.
LaTeX Font Info:    Checking defaults for TS1/cmr/m/n on input line 175.
LaTeX Font Info:    ... okay on input line 175.
LaTeX Font Info:    Checking defaults for OMX/cmex/m/n on input line 175.
LaTeX Font Info:    ... okay on input line 175.
LaTeX Font Info:    Checking defaults for U/cmr/m/n on input line 175.
LaTeX Font Info:    ... okay on input line 175.

*geometry* driver: auto-detecting
*geometry* detected driver: dvips
*geometry* verbose mode - [ preamble ] result:
* driver: dvips
* paper: letterpaper
* layout: <same size as paper>
* layoutoffset:(h,v)=(0.0pt,0.0pt)
* modes: 
* h-part:(L,W,R)=(72.27pt, 469.75499pt, 72.27pt)
* v-part:(T,H,B)=(72.26999pt, 641.39624pt, 81.30376pt)
* \paperwidth=614.295pt
* \paperheight=794.96999pt
* \textwidth=469.75499pt
* \textheight=641.39624pt
* \oddsidemargin=0.00002pt
* \evensidemargin=0.00002pt
* \topmargin=0.0pt
* \headheight=0.0pt
* \headsep=0.0pt
* \topskip=10.0pt
* \footskip=0.0pt
* \marginparwidth=4.0pt
* \marginparsep=10.0pt
* \columnsep=27.10124pt
* \skip\footins=9.0pt plus 4.0pt minus 2.0pt
* \hoffset=0.0pt
* \voffset=0.0pt
* \mag=1000
* \@twocolumntrue
* \@twosidefalse
* \@mparswitchfalse
* \@reversemarginfalse
* (1in=72.27pt=25.4mm, 1cm=28.453pt)

LaTeX Font Info:    Trying to load font information for OT1+ztmcm on input line
 179.
("C:\Users\pierr\AppData\Local\Programs\MiKTeX 2.9\tex/latex/psnfss\ot1ztmcm.fd
"
File: ot1ztmcm.fd 2000/01/03 Fontinst v1.801 font definitions for OT1/ztmcm.
)
LaTeX Font Info:    Trying to load font information for OML+ztmcm on input line
 179.

("C:\Users\pierr\AppData\Local\Programs\MiKTeX 2.9\tex/latex/psnfss\omlztmcm.fd
"
File: omlztmcm.fd 2000/01/03 Fontinst v1.801 font definitions for OML/ztmcm.
)
LaTeX Font Info:    Trying to load font information for OMS+ztmcm on input line
 179.

("C:\Users\pierr\AppData\Local\Programs\MiKTeX 2.9\tex/latex/psnfss\omsztmcm.fd
"
File: omsztmcm.fd 2000/01/03 Fontinst v1.801 font definitions for OMS/ztmcm.
)
LaTeX Font Info:    Trying to load font information for OMX+ztmcm on input line
 179.

("C:\Users\pierr\AppData\Local\Programs\MiKTeX 2.9\tex/latex/psnfss\omxztmcm.fd
"
File: omxztmcm.fd 2000/01/03 Fontinst v1.801 font definitions for OMX/ztmcm.
)
LaTeX Font Info:    Trying to load font information for OT1+ptm on input line 1
79.
 ("C:\Users\pierr\AppData\Local\Programs\MiKTeX 2.9\tex/latex/psnfss\ot1ptm.fd"
File: ot1ptm.fd 2001/06/04 font definitions for OT1/ptm.
)
LaTeX Font Info:    Font shape `OT1/ptm/bx/n' in size <12> not available
(Font)              Font shape `OT1/ptm/b/n' tried instead on input line 179.
LaTeX Font Info:    Font shape `OT1/ptm/bx/n' in size <9> not available
(Font)              Font shape `OT1/ptm/b/n' tried instead on input line 179.
LaTeX Font Info:    Font shape `OT1/ptm/bx/n' in size <7> not available
(Font)              Font shape `OT1/ptm/b/n' tried instead on input line 179.
LaTeX Font Info:    Trying to load font information for TS1+ptm on input line 1
79.

("C:\Users\pierr\AppData\Local\Programs\MiKTeX 2.9\tex/latex/psnfss\ts1ptm.fd"
File: ts1ptm.fd 2001/06/04 font definitions for TS1/ptm.
)
LaTeX Font Info:    Font shape `OT1/ptm/bx/n' in size <8> not available
(Font)              Font shape `OT1/ptm/b/n' tried instead on input line 179.
LaTeX Font Info:    Font shape `OT1/ptm/bx/n' in size <6> not available
(Font)              Font shape `OT1/ptm/b/n' tried instead on input line 179.
LaTeX Font Info:    Font shape `OT1/ptm/bx/n' in size <5> not available
(Font)              Font shape `OT1/ptm/b/n' tried instead on input line 179.
LaTeX Font Info:    Trying to load font information for T1+pcr on input line 17
9.
("C:\Users\pierr\AppData\Local\Programs\MiKTeX 2.9\tex/latex/psnfss\t1pcr.fd"
File: t1pcr.fd 2001/06/04 font definitions for T1/pcr.
)
Underfull \hbox (badness 10000) in paragraph at lines 179--179
[][]$[]$\T1/ptm/m/n/8 Pierre Moreau, David Du-rand and Jérôme Bosche
 []


Underfull \hbox (badness 10000) in paragraph at lines 179--179
\T1/ptm/m/n/8 are with the Mod-el-ing, In-for-ma-tion and Sys-tems (MIS)
 []


Underfull \hbox (badness 10000) in paragraph at lines 179--179
\T1/ptm/m/n/8 Lab-o-ra-tory, Uni-ver-sity of Pi-cardie Jules Verne, Amiens,
 []


Underfull \hbox (badness 10000) in paragraph at lines 179--179
\T1/ptm/m/n/8 France \T1/pcr/m/n/9 pierre.moreau, david.durand,
 []


Underfull \hbox (badness 10000) in paragraph at lines 179--179
[][]$[]$\T1/ptm/m/n/8 Michel Lefranc is with the neu-ro-surgery de-part-ment
 []


Underfull \hbox (badness 10000) in paragraph at lines 179--179
\T1/ptm/m/n/8 of Uni-ver-sity Hos-pi-tal Cen-ter, Amiens-Picardie, France
 []


Underfull \vbox (badness 10000) has occurred while \output is active []

 [1


]

! LaTeX Error: File `pierre1' not found.

See the LaTeX manual or LaTeX Companion for explanation.
Type  H <return>  for immediate help.
 ...                                              
                                                  
l.209 		\includegraphics[width=9cm]{pierre1}
                                            
I could not locate the file with any of these extensions:
.eps,.ps,.eps.gz,.ps.gz,.eps.Z,.mps
Try typing  <return>  to proceed.
If that doesn't work, type  X <return>  to quit.

LaTeX Font Info:    Trying to load font information for T1+phv on input line 21
0.
("C:\Users\pierr\AppData\Local\Programs\MiKTeX 2.9\tex/latex/psnfss\t1phv.fd"
File: t1phv.fd 2020/03/25 scalable font definitions for T1/phv.
)
Underfull \hbox (badness 1308) in paragraph at lines 214--229
\T1/ptm/m/n/10 Whatever the al-go-rithms, data must be la-beled to
 []


Underfull \hbox (badness 1377) in paragraph at lines 214--229
\T1/ptm/m/n/10 de-tec-tion of these char-ac-ter-is-tic move-ments, based
 []


Underfull \hbox (badness 10000) in paragraph at lines 214--229

 []


! LaTeX Error: File `silhou_new' not found.

See the LaTeX manual or LaTeX Companion for explanation.
Type  H <return>  for immediate help.
 ...                                              
                                                  
l.237 		\includegraphics[width=7cm]{silhou_new}
                                               
I could not locate the file with any of these extensions:
.eps,.ps,.eps.gz,.ps.gz,.eps.Z,.mps
Try typing  <return>  to proceed.
If that doesn't work, type  X <return>  to quit.

LaTeX Font Info:    Font shape `OT1/ptm/bx/n' in size <10> not available
(Font)              Font shape `OT1/ptm/b/n' tried instead on input line 243.
LaTeX Font Info:    Font shape `OT1/ptm/bx/n' in size <7.4> not available
(Font)              Font shape `OT1/ptm/b/n' tried instead on input line 243.

LaTeX Warning: File `mvt1.jpg' not found on input line 247.


! LaTeX Error: File `mvt1.jpg' not found.

See the LaTeX manual or LaTeX Companion for explanation.
Type  H <return>  for immediate help.
 ...                                              
                                                  
l.247 		\includegraphics[width=7cm]{mvt1.jpg}
                                             
Try typing  <return>  to proceed.
If that doesn't work, type  X <return>  to quit.


! LaTeX Error: Cannot determine size of graphic in mvt1.jpg (no BoundingBox).

See the LaTeX manual or LaTeX Companion for explanation.
Type  H <return>  for immediate help.
 ...                                              
                                                  
l.247 		\includegraphics[width=7cm]{mvt1.jpg}
                                             
Try typing  <return>  to proceed.
If that doesn't work, type  X <return>  to quit.

File: mvt1.jpg Graphic file (type eps)
<mvt1.jpg>
LaTeX Font Info:    Font shape `T1/phv/b/it' in size <10> not available
(Font)              Font shape `T1/phv/b/sl' tried instead on input line 248.


LaTeX Warning: `h' float specifier changed to `ht'.


Underfull \vbox (badness 10000) has occurred while \output is active []

 [2]

LaTeX Warning: File `patient_rep.jpg' not found on input line 265.


! LaTeX Error: File `patient_rep.jpg' not found.

See the LaTeX manual or LaTeX Companion for explanation.
Type  H <return>  for immediate help.
 ...                                              
                                                  
l.265 ...cludegraphics[width=8cm]{patient_rep.jpg}
                                                  
Try typing  <return>  to proceed.
If that doesn't work, type  X <return>  to quit.


! LaTeX Error: Cannot determine size of graphic in patient_rep.jpg (no Bounding
Box).

See the LaTeX manual or LaTeX Companion for explanation.
Type  H <return>  for immediate help.
 ...                                              
                                                  
l.265 ...cludegraphics[width=8cm]{patient_rep.jpg}
                                                  
Try typing  <return>  to proceed.
If that doesn't work, type  X <return>  to quit.

File: patient_rep.jpg Graphic file (type eps)
<patient_rep.jpg>
Overfull \hbox (6.29517pt too wide) in paragraph at lines 265--266
 [] 
 []


Underfull \hbox (badness 1342) in paragraph at lines 271--271
|[]\T1/ptm/b/n/11 A dis-cret state-space rep-re-sen-ta-tion for
 []


Underfull \vbox (badness 10000) has occurred while \output is active []



LaTeX Warning: File `patient_rep_22.jpg' not found on input line 300.


! LaTeX Error: File `patient_rep_22.jpg' not found.

See the LaTeX manual or LaTeX Companion for explanation.
Type  H <return>  for immediate help.
 ...                                              
                                                  
l.300 ...degraphics[width=8cm]{patient_rep_22.jpg}
                                                  
Try typing  <return>  to proceed.
If that doesn't work, type  X <return>  to quit.


! LaTeX Error: Cannot determine size of graphic in patient_rep_22.jpg (no Bound
ingBox).

See the LaTeX manual or LaTeX Companion for explanation.
Type  H <return>  for immediate help.
 ...                                              
                                                  
l.300 ...degraphics[width=8cm]{patient_rep_22.jpg}
                                                  
Try typing  <return>  to proceed.
If that doesn't work, type  X <return>  to quit.

File: patient_rep_22.jpg Graphic file (type eps)
<patient_rep_22.jpg>
Overfull \hbox (6.29517pt too wide) in paragraph at lines 300--301
 [] 
 []


LaTeX Warning: `h' float specifier changed to `ht'.

[3]
Underfull \hbox (badness 10000) in paragraph at lines 369--370

 []

[4]
Underfull \hbox (badness 10000) in paragraph at lines 385--386

 []


Underfull \hbox (badness 1281) in paragraph at lines 387--388
\T1/ptm/m/n/10 Each ex-pe-ri-ence be-ing as-so-ci-ated with one of the
 []


Underfull \hbox (badness 2126) in paragraph at lines 387--388
\T1/ptm/m/n/10 the co-ef-fi-cient of re-sem-blance link-ing the cur-rent
 []


Underfull \hbox (badness 10000) in paragraph at lines 387--388

 []


Underfull \hbox (badness 1590) in paragraph at lines 403--406
\T1/ptm/m/n/10 Nearest-Neighbor (NBNN) clas-si-fier is ap-plied for
 []


Underfull \hbox (badness 1270) in paragraph at lines 403--406
\T1/ptm/m/n/10 ac-tion recog-ni-tion. More pre-cisely, 4 vari-ants of
 []


Underfull \hbox (badness 10000) in paragraph at lines 403--406

 []


Underfull \hbox (badness 10000) in paragraph at lines 473--475
\T1/ptm/b/n/10 Output\T1/ptm/m/n/10 : Pro-cessed sig-nals $\OML/ztmcm/m/it/10 f
[] \OT1/ztmcm/m/n/10 = []$ \T1/ptm/m/n/10 for
 []


Underfull \hbox (badness 10000) in paragraph at lines 473--475

 []


LaTeX Warning: `h' float specifier changed to `ht'.


! LaTeX Error: File `silhou2' not found.

See the LaTeX manual or LaTeX Companion for explanation.
Type  H <return>  for immediate help.
 ...                                              
                                                  
l.495 		\includegraphics[width=6cm]{silhou2}
                                            
I could not locate the file with any of these extensions:
.eps,.ps,.eps.gz,.ps.gz,.eps.Z,.mps
Try typing  <return>  to proceed.
If that doesn't work, type  X <return>  to quit.


Underfull \hbox (badness 2828) in paragraph at lines 503--504
[]\T1/ptm/m/n/10 The discret-time state-space mod-el-ing method
 []


Underfull \hbox (badness 1466) in paragraph at lines 503--504
\T1/ptm/m/n/10 pre-sented in sec-tion III-A is now ap-plied for the
 []


Underfull \hbox (badness 10000) in paragraph at lines 503--504

 []


Underfull \vbox (badness 10000) has occurred while \output is active []

 [5]

LaTeX Warning: File `validmodel.jpg' not found on input line 511.


! LaTeX Error: File `validmodel.jpg' not found.

See the LaTeX manual or LaTeX Companion for explanation.
Type  H <return>  for immediate help.
 ...                                              
                                                  
l.511 ...cludegraphics[width=10cm]{validmodel.jpg}
                                                  
Try typing  <return>  to proceed.
If that doesn't work, type  X <return>  to quit.


! LaTeX Error: Cannot determine size of graphic in validmodel.jpg (no BoundingB
ox).

See the LaTeX manual or LaTeX Companion for explanation.
Type  H <return>  for immediate help.
 ...                                              
                                                  
l.511 ...cludegraphics[width=10cm]{validmodel.jpg}
                                                  
Try typing  <return>  to proceed.
If that doesn't work, type  X <return>  to quit.

File: validmodel.jpg Graphic file (type eps)
<validmodel.jpg>
Overfull \hbox (46.12886pt too wide) in paragraph at lines 511--512
[] [] 
 []


Underfull \vbox (badness 10000) has occurred while \output is active []



LaTeX Warning: File `validmodel2.jpg' not found on input line 523.


! LaTeX Error: File `validmodel2.jpg' not found.

See the LaTeX manual or LaTeX Companion for explanation.
Type  H <return>  for immediate help.
 ...                                              
                                                  
l.523 ...ludegraphics[width=10cm]{validmodel2.jpg}
                                                  
Try typing  <return>  to proceed.
If that doesn't work, type  X <return>  to quit.


! LaTeX Error: Cannot determine size of graphic in validmodel2.jpg (no Bounding
Box).

See the LaTeX manual or LaTeX Companion for explanation.
Type  H <return>  for immediate help.
 ...                                              
                                                  
l.523 ...ludegraphics[width=10cm]{validmodel2.jpg}
                                                  
Try typing  <return>  to proceed.
If that doesn't work, type  X <return>  to quit.

File: validmodel2.jpg Graphic file (type eps)
<validmodel2.jpg>
Overfull \hbox (54.66478pt too wide) in paragraph at lines 523--524
[] [] 
 []


LaTeX Warning: `h' float specifier changed to `ht'.


LaTeX Warning: File `validmodel3.jpg' not found on input line 534.


! LaTeX Error: File `validmodel3.jpg' not found.

See the LaTeX manual or LaTeX Companion for explanation.
Type  H <return>  for immediate help.
 ...                                              
                                                  
l.534 ...ludegraphics[width=10cm]{validmodel3.jpg}
                                                  
Try typing  <return>  to proceed.
If that doesn't work, type  X <return>  to quit.


! LaTeX Error: Cannot determine size of graphic in validmodel3.jpg (no Bounding
Box).

See the LaTeX manual or LaTeX Companion for explanation.
Type  H <return>  for immediate help.
 ...                                              
                                                  
l.534 ...ludegraphics[width=10cm]{validmodel3.jpg}
                                                  
Try typing  <return>  to proceed.
If that doesn't work, type  X <return>  to quit.

File: validmodel3.jpg Graphic file (type eps)
<validmodel3.jpg>
Overfull \hbox (54.66478pt too wide) in paragraph at lines 534--535
[] [] 
 []


LaTeX Warning: `h' float specifier changed to `ht'.


Underfull \hbox (badness 10000) in paragraph at lines 545--546

 []


Underfull \hbox (badness 2591) in paragraph at lines 550--551
\T1/ptm/m/n/10 re-sult-ing from the learn-ing phase, the state-
 []


Underfull \hbox (badness 1331) in paragraph at lines 550--551
\T1/ptm/m/n/10 space ma-tri-ces mod-el-ing the dy-nam-ics of the
 []


Underfull \hbox (badness 10000) in paragraph at lines 550--551

 []

[6]
Underfull \hbox (badness 10000) in paragraph at lines 552--553

 []


Underfull \hbox (badness 10000) in paragraph at lines 554--555

 []


Underfull \hbox (badness 10000) in paragraph at lines 556--557

 []


Underfull \hbox (badness 1062) in paragraph at lines 558--559
\T1/ptm/m/n/10 and com-pute $\OT1/ztmcm/m/n/10 [] \OMS/ztmcm/m/n/10 2 \U/msb/m
/n/10 R[]$\T1/ptm/m/n/10 , the col-umn vec-tor
 []


Underfull \hbox (badness 10000) in paragraph at lines 558--559

 []


Underfull \hbox (badness 10000) in paragraph at lines 560--561

 []


Underfull \hbox (badness 10000) in paragraph at lines 562--563

 []

[7]
Overfull \hbox (59.9271pt too wide) in paragraph at lines 586--593
 [] 
 []


LaTeX Warning: File `valid_test_1.jpg' not found on input line 599.


! LaTeX Error: File `valid_test_1.jpg' not found.

See the LaTeX manual or LaTeX Companion for explanation.
Type  H <return>  for immediate help.
 ...                                              
                                                  
l.599 ...ludegraphics[width=9cm]{valid_test_1.jpg}
                                                  
Try typing  <return>  to proceed.
If that doesn't work, type  X <return>  to quit.


! LaTeX Error: Cannot determine size of graphic in valid_test_1.jpg (no Boundin
gBox).

See the LaTeX manual or LaTeX Companion for explanation.
Type  H <return>  for immediate help.
 ...                                              
                                                  
l.599 ...ludegraphics[width=9cm]{valid_test_1.jpg}
                                                  
Try typing  <return>  to proceed.
If that doesn't work, type  X <return>  to quit.

File: valid_test_1.jpg Graphic file (type eps)
<valid_test_1.jpg>
Overfull \hbox (26.21202pt too wide) in paragraph at lines 599--600
[] [] 
 []


LaTeX Warning: File `valid_test_2.jpg' not found on input line 612.


! LaTeX Error: File `valid_test_2.jpg' not found.

See the LaTeX manual or LaTeX Companion for explanation.
Type  H <return>  for immediate help.
 ...                                              
                                                  
l.612 ...ludegraphics[width=9cm]{valid_test_2.jpg}
                                                  
Try typing  <return>  to proceed.
If that doesn't work, type  X <return>  to quit.


! LaTeX Error: Cannot determine size of graphic in valid_test_2.jpg (no Boundin
gBox).

See the LaTeX manual or LaTeX Companion for explanation.
Type  H <return>  for immediate help.
 ...                                              
                                                  
l.612 ...ludegraphics[width=9cm]{valid_test_2.jpg}
                                                  
Try typing  <return>  to proceed.
If that doesn't work, type  X <return>  to quit.

File: valid_test_2.jpg Graphic file (type eps)
<valid_test_2.jpg>
Overfull \hbox (26.21202pt too wide) in paragraph at lines 612--613
[] [] 
 []


Overfull \hbox (67.4271pt too wide) in paragraph at lines 626--633
 [] 
 []

[8]
Overfull \hbox (34.80278pt too wide) in paragraph at lines 698--705
 [] 
 []


Underfull \hbox (badness 1412) in paragraph at lines 708--709
\T1/ptm/m/n/10 com-par-isons are pos-si-ble thanks to sev-eral bench-
 []


LaTeX Warning: `h' float specifier changed to `ht'.


Underfull \vbox (badness 6348) has occurred while \output is active []


Underfull \hbox (badness 7291) in paragraph at lines 742--743
[][]\T1/ptm/b/n/10 measurement dis-tur-bances\T1/ptm/m/n/10 : As men-tioned
 []

[9]
Underfull \hbox (badness 2173) in paragraph at lines 771--772
[]\T1/ptm/m/n/9 M. H. Li, T. A. Mestre and S. H. Fox and B.
 []

[10] (CODIT_MOREAU_final_version.aux)

LaTeX Warning: There were multiply-defined labels.

 ) 
Here is how much of TeX's memory you used:
 4351 strings out of 480931
 56564 string characters out of 2899787
 314471 words of memory out of 3000000
 20142 multiletter control sequences out of 15000+200000
 596273 words of font info for 113 fonts, out of 3000000 for 9000
 1141 hyphenation exceptions out of 8191
 38i,15n,37p,2901b,501s stack positions out of 5000i,500n,10000p,200000b,50000s

Output written on CODIT_MOREAU_final_version.dvi (10 pages, 63012 bytes).
